CRITICAL - 2023-09-12 13:54:58 --> Undefined constant "URL"
in APPPATH\Views\home.php on line 212.
 1 SYSTEMPATH\View\View.php(226): include()
 2 SYSTEMPATH\View\View.php(229): CodeIgniter\View\View->CodeIgniter\View\{closure}()
 3 SYSTEMPATH\Common.php(1188): CodeIgniter\View\View->render('home', [], true)
 4 APPPATH\Controllers\Home.php(9): view('home')
 5 SYSTEMPATH\CodeIgniter.php(919): App\Controllers\Home->index()
 6 SYSTEMPATH\CodeIgniter.php(494): CodeIgniter\CodeIgniter->runController(Object(App\Controllers\Home))
 7 SYSTEMPATH\CodeIgniter.php(353): CodeIgniter\CodeIgniter->handleRequest(null, Object(Config\Cache), false)
 8 FCPATH\index.php(79): CodeIgniter\CodeIgniter->run()
CRITICAL - 2023-09-12 13:55:21 --> Undefined constant "URL"
in APPPATH\Views\home.php on line 212.
 1 SYSTEMPATH\View\View.php(226): include()
 2 SYSTEMPATH\View\View.php(229): CodeIgniter\View\View->CodeIgniter\View\{closure}()
 3 SYSTEMPATH\Common.php(1188): CodeIgniter\View\View->render('home', [], true)
 4 APPPATH\Controllers\Home.php(9): view('home')
 5 SYSTEMPATH\CodeIgniter.php(919): App\Controllers\Home->index()
 6 SYSTEMPATH\CodeIgniter.php(494): CodeIgniter\CodeIgniter->runController(Object(App\Controllers\Home))
 7 SYSTEMPATH\CodeIgniter.php(353): CodeIgniter\CodeIgniter->handleRequest(null, Object(Config\Cache), false)
 8 FCPATH\index.php(79): CodeIgniter\CodeIgniter->run()
CRITICAL - 2023-09-12 13:59:47 --> Undefined constant "URL"
in APPPATH\Views\home.php on line 212.
 1 SYSTEMPATH\View\View.php(226): include()
 2 SYSTEMPATH\View\View.php(229): CodeIgniter\View\View->CodeIgniter\View\{closure}()
 3 SYSTEMPATH\Common.php(1188): CodeIgniter\View\View->render('home', [], true)
 4 APPPATH\Controllers\Home.php(9): view('home')
 5 SYSTEMPATH\CodeIgniter.php(919): App\Controllers\Home->index()
 6 SYSTEMPATH\CodeIgniter.php(494): CodeIgniter\CodeIgniter->runController(Object(App\Controllers\Home))
 7 SYSTEMPATH\CodeIgniter.php(353): CodeIgniter\CodeIgniter->handleRequest(null, Object(Config\Cache), false)
 8 FCPATH\index.php(79): CodeIgniter\CodeIgniter->run()
CRITICAL - 2023-09-12 13:59:48 --> Undefined constant "URL"
in APPPATH\Views\home.php on line 212.
 1 SYSTEMPATH\View\View.php(226): include()
 2 SYSTEMPATH\View\View.php(229): CodeIgniter\View\View->CodeIgniter\View\{closure}()
 3 SYSTEMPATH\Common.php(1188): CodeIgniter\View\View->render('home', [], true)
 4 APPPATH\Controllers\Home.php(9): view('home')
 5 SYSTEMPATH\CodeIgniter.php(919): App\Controllers\Home->index()
 6 SYSTEMPATH\CodeIgniter.php(494): CodeIgniter\CodeIgniter->runController(Object(App\Controllers\Home))
 7 SYSTEMPATH\CodeIgniter.php(353): CodeIgniter\CodeIgniter->handleRequest(null, Object(Config\Cache), false)
 8 FCPATH\index.php(79): CodeIgniter\CodeIgniter->run()
CRITICAL - 2023-09-12 14:01:27 --> Undefined constant "URL"
in APPPATH\Views\home.php on line 212.
 1 SYSTEMPATH\View\View.php(226): include()
 2 SYSTEMPATH\View\View.php(229): CodeIgniter\View\View->CodeIgniter\View\{closure}()
 3 SYSTEMPATH\Common.php(1188): CodeIgniter\View\View->render('home', [], true)
 4 APPPATH\Controllers\Home.php(9): view('home')
 5 SYSTEMPATH\CodeIgniter.php(919): App\Controllers\Home->index()
 6 SYSTEMPATH\CodeIgniter.php(494): CodeIgniter\CodeIgniter->runController(Object(App\Controllers\Home))
 7 SYSTEMPATH\CodeIgniter.php(353): CodeIgniter\CodeIgniter->handleRequest(null, Object(Config\Cache), false)
 8 FCPATH\index.php(79): CodeIgniter\CodeIgniter->run()
CRITICAL - 2023-09-12 14:01:27 --> Undefined constant "URL"
in APPPATH\Views\home.php on line 212.
 1 SYSTEMPATH\View\View.php(226): include()
 2 SYSTEMPATH\View\View.php(229): CodeIgniter\View\View->CodeIgniter\View\{closure}()
 3 SYSTEMPATH\Common.php(1188): CodeIgniter\View\View->render('home', [], true)
 4 APPPATH\Controllers\Home.php(9): view('home')
 5 SYSTEMPATH\CodeIgniter.php(919): App\Controllers\Home->index()
 6 SYSTEMPATH\CodeIgniter.php(494): CodeIgniter\CodeIgniter->runController(Object(App\Controllers\Home))
 7 SYSTEMPATH\CodeIgniter.php(353): CodeIgniter\CodeIgniter->handleRequest(null, Object(Config\Cache), false)
 8 FCPATH\index.php(79): CodeIgniter\CodeIgniter->run()
CRITICAL - 2023-09-12 14:01:46 --> Undefined constant "URL"
in APPPATH\Views\home.php on line 212.
 1 SYSTEMPATH\View\View.php(226): include()
 2 SYSTEMPATH\View\View.php(229): CodeIgniter\View\View->CodeIgniter\View\{closure}()
 3 SYSTEMPATH\Common.php(1188): CodeIgniter\View\View->render('home', [], true)
 4 APPPATH\Controllers\Home.php(9): view('home')
 5 SYSTEMPATH\CodeIgniter.php(919): App\Controllers\Home->index()
 6 SYSTEMPATH\CodeIgniter.php(494): CodeIgniter\CodeIgniter->runController(Object(App\Controllers\Home))
 7 SYSTEMPATH\CodeIgniter.php(353): CodeIgniter\CodeIgniter->handleRequest(null, Object(Config\Cache), false)
 8 FCPATH\index.php(79): CodeIgniter\CodeIgniter->run()
CRITICAL - 2023-09-12 14:01:53 --> Undefined constant "URL"
in APPPATH\Views\home.php on line 212.
 1 SYSTEMPATH\View\View.php(226): include()
 2 SYSTEMPATH\View\View.php(229): CodeIgniter\View\View->CodeIgniter\View\{closure}()
 3 SYSTEMPATH\Common.php(1188): CodeIgniter\View\View->render('home', [], true)
 4 APPPATH\Controllers\Home.php(9): view('home')
 5 SYSTEMPATH\CodeIgniter.php(919): App\Controllers\Home->index()
 6 SYSTEMPATH\CodeIgniter.php(494): CodeIgniter\CodeIgniter->runController(Object(App\Controllers\Home))
 7 SYSTEMPATH\CodeIgniter.php(353): CodeIgniter\CodeIgniter->handleRequest(null, Object(Config\Cache), false)
 8 FCPATH\index.php(79): CodeIgniter\CodeIgniter->run()
CRITICAL - 2023-09-12 14:02:00 --> Undefined constant "URL"
in APPPATH\Views\home.php on line 212.
 1 SYSTEMPATH\View\View.php(226): include()
 2 SYSTEMPATH\View\View.php(229): CodeIgniter\View\View->CodeIgniter\View\{closure}()
 3 SYSTEMPATH\Common.php(1188): CodeIgniter\View\View->render('home', [], true)
 4 APPPATH\Controllers\Home.php(9): view('home')
 5 SYSTEMPATH\CodeIgniter.php(919): App\Controllers\Home->index()
 6 SYSTEMPATH\CodeIgniter.php(494): CodeIgniter\CodeIgniter->runController(Object(App\Controllers\Home))
 7 SYSTEMPATH\CodeIgniter.php(353): CodeIgniter\CodeIgniter->handleRequest(null, Object(Config\Cache), false)
 8 FCPATH\index.php(79): CodeIgniter\CodeIgniter->run()
CRITICAL - 2023-09-12 14:02:01 --> Undefined constant "URL"
in APPPATH\Views\home.php on line 212.
 1 SYSTEMPATH\View\View.php(226): include()
 2 SYSTEMPATH\View\View.php(229): CodeIgniter\View\View->CodeIgniter\View\{closure}()
 3 SYSTEMPATH\Common.php(1188): CodeIgniter\View\View->render('home', [], true)
 4 APPPATH\Controllers\Home.php(9): view('home')
 5 SYSTEMPATH\CodeIgniter.php(919): App\Controllers\Home->index()
 6 SYSTEMPATH\CodeIgniter.php(494): CodeIgniter\CodeIgniter->runController(Object(App\Controllers\Home))
 7 SYSTEMPATH\CodeIgniter.php(353): CodeIgniter\CodeIgniter->handleRequest(null, Object(Config\Cache), false)
 8 FCPATH\index.php(79): CodeIgniter\CodeIgniter->run()
CRITICAL - 2023-09-12 14:06:53 --> Undefined constant "URL"
in APPPATH\Views\home.php on line 212.
 1 SYSTEMPATH\View\View.php(226): include()
 2 SYSTEMPATH\View\View.php(229): CodeIgniter\View\View->CodeIgniter\View\{closure}()
 3 SYSTEMPATH\Common.php(1188): CodeIgniter\View\View->render('home', [], true)
 4 APPPATH\Controllers\Home.php(9): view('home')
 5 SYSTEMPATH\CodeIgniter.php(919): App\Controllers\Home->index()
 6 SYSTEMPATH\CodeIgniter.php(494): CodeIgniter\CodeIgniter->runController(Object(App\Controllers\Home))
 7 SYSTEMPATH\CodeIgniter.php(353): CodeIgniter\CodeIgniter->handleRequest(null, Object(Config\Cache), false)
 8 FCPATH\index.php(79): CodeIgniter\CodeIgniter->run()
CRITICAL - 2023-09-12 14:12:59 --> Undefined property: CodeIgniter\View\View::$response
in APPPATH\Views\home.php on line 212.
 1 APPPATH\Views\home.php(212): CodeIgniter\Debug\Exceptions->errorHandler(2, 'Undefined property: CodeIgniter\\View\\View::$response', 'C:\\xampp\\htdocs\\crudjuego\\app\\Views\\home.php', 212)
 2 SYSTEMPATH\View\View.php(226): include('C:\\xampp\\htdocs\\crudjuego\\app\\Views\\home.php')
 3 SYSTEMPATH\View\View.php(229): CodeIgniter\View\View->CodeIgniter\View\{closure}()
 4 SYSTEMPATH\Common.php(1188): CodeIgniter\View\View->render('home', [], true)
 5 APPPATH\Controllers\Home.php(9): view('home')
 6 SYSTEMPATH\CodeIgniter.php(919): App\Controllers\Home->index()
 7 SYSTEMPATH\CodeIgniter.php(494): CodeIgniter\CodeIgniter->runController(Object(App\Controllers\Home))
 8 SYSTEMPATH\CodeIgniter.php(353): CodeIgniter\CodeIgniter->handleRequest(null, Object(Config\Cache), false)
 9 FCPATH\index.php(79): CodeIgniter\CodeIgniter->run()
CRITICAL - 2023-09-12 14:13:01 --> Undefined property: CodeIgniter\View\View::$response
in APPPATH\Views\home.php on line 212.
 1 APPPATH\Views\home.php(212): CodeIgniter\Debug\Exceptions->errorHandler(2, 'Undefined property: CodeIgniter\\View\\View::$response', 'C:\\xampp\\htdocs\\crudjuego\\app\\Views\\home.php', 212)
 2 SYSTEMPATH\View\View.php(226): include('C:\\xampp\\htdocs\\crudjuego\\app\\Views\\home.php')
 3 SYSTEMPATH\View\View.php(229): CodeIgniter\View\View->CodeIgniter\View\{closure}()
 4 SYSTEMPATH\Common.php(1188): CodeIgniter\View\View->render('home', [], true)
 5 APPPATH\Controllers\Home.php(9): view('home')
 6 SYSTEMPATH\CodeIgniter.php(919): App\Controllers\Home->index()
 7 SYSTEMPATH\CodeIgniter.php(494): CodeIgniter\CodeIgniter->runController(Object(App\Controllers\Home))
 8 SYSTEMPATH\CodeIgniter.php(353): CodeIgniter\CodeIgniter->handleRequest(null, Object(Config\Cache), false)
 9 FCPATH\index.php(79): CodeIgniter\CodeIgniter->run()
CRITICAL - 2023-09-12 14:13:24 --> Undefined property: CodeIgniter\View\View::$response
in APPPATH\Views\home.php on line 212.
 1 APPPATH\Views\home.php(212): CodeIgniter\Debug\Exceptions->errorHandler(2, 'Undefined property: CodeIgniter\\View\\View::$response', 'C:\\xampp\\htdocs\\crudjuego\\app\\Views\\home.php', 212)
 2 SYSTEMPATH\View\View.php(226): include('C:\\xampp\\htdocs\\crudjuego\\app\\Views\\home.php')
 3 SYSTEMPATH\View\View.php(229): CodeIgniter\View\View->CodeIgniter\View\{closure}()
 4 SYSTEMPATH\Common.php(1188): CodeIgniter\View\View->render('home', [], true)
 5 APPPATH\Controllers\Home.php(9): view('home')
 6 SYSTEMPATH\CodeIgniter.php(919): App\Controllers\Home->index()
 7 SYSTEMPATH\CodeIgniter.php(494): CodeIgniter\CodeIgniter->runController(Object(App\Controllers\Home))
 8 SYSTEMPATH\CodeIgniter.php(353): CodeIgniter\CodeIgniter->handleRequest(null, Object(Config\Cache), false)
 9 FCPATH\index.php(79): CodeIgniter\CodeIgniter->run()
CRITICAL - 2023-09-12 14:13:24 --> Undefined property: CodeIgniter\View\View::$response
in APPPATH\Views\home.php on line 212.
 1 APPPATH\Views\home.php(212): CodeIgniter\Debug\Exceptions->errorHandler(2, 'Undefined property: CodeIgniter\\View\\View::$response', 'C:\\xampp\\htdocs\\crudjuego\\app\\Views\\home.php', 212)
 2 SYSTEMPATH\View\View.php(226): include('C:\\xampp\\htdocs\\crudjuego\\app\\Views\\home.php')
 3 SYSTEMPATH\View\View.php(229): CodeIgniter\View\View->CodeIgniter\View\{closure}()
 4 SYSTEMPATH\Common.php(1188): CodeIgniter\View\View->render('home', [], true)
 5 APPPATH\Controllers\Home.php(9): view('home')
 6 SYSTEMPATH\CodeIgniter.php(919): App\Controllers\Home->index()
 7 SYSTEMPATH\CodeIgniter.php(494): CodeIgniter\CodeIgniter->runController(Object(App\Controllers\Home))
 8 SYSTEMPATH\CodeIgniter.php(353): CodeIgniter\CodeIgniter->handleRequest(null, Object(Config\Cache), false)
 9 FCPATH\index.php(79): CodeIgniter\CodeIgniter->run()
CRITICAL - 2023-09-12 14:13:51 --> Undefined property: CodeIgniter\View\View::$response
in APPPATH\Views\home.php on line 212.
 1 APPPATH\Views\home.php(212): CodeIgniter\Debug\Exceptions->errorHandler(2, 'Undefined property: CodeIgniter\\View\\View::$response', 'C:\\xampp\\htdocs\\crudjuego\\app\\Views\\home.php', 212)
 2 SYSTEMPATH\View\View.php(226): include('C:\\xampp\\htdocs\\crudjuego\\app\\Views\\home.php')
 3 SYSTEMPATH\View\View.php(229): CodeIgniter\View\View->CodeIgniter\View\{closure}()
 4 SYSTEMPATH\Common.php(1188): CodeIgniter\View\View->render('home', [], true)
 5 APPPATH\Controllers\Home.php(9): view('home')
 6 SYSTEMPATH\CodeIgniter.php(919): App\Controllers\Home->index()
 7 SYSTEMPATH\CodeIgniter.php(494): CodeIgniter\CodeIgniter->runController(Object(App\Controllers\Home))
 8 SYSTEMPATH\CodeIgniter.php(353): CodeIgniter\CodeIgniter->handleRequest(null, Object(Config\Cache), false)
 9 FCPATH\index.php(79): CodeIgniter\CodeIgniter->run()
CRITICAL - 2023-09-12 14:13:53 --> Undefined property: CodeIgniter\View\View::$response
in APPPATH\Views\home.php on line 212.
 1 APPPATH\Views\home.php(212): CodeIgniter\Debug\Exceptions->errorHandler(2, 'Undefined property: CodeIgniter\\View\\View::$response', 'C:\\xampp\\htdocs\\crudjuego\\app\\Views\\home.php', 212)
 2 SYSTEMPATH\View\View.php(226): include('C:\\xampp\\htdocs\\crudjuego\\app\\Views\\home.php')
 3 SYSTEMPATH\View\View.php(229): CodeIgniter\View\View->CodeIgniter\View\{closure}()
 4 SYSTEMPATH\Common.php(1188): CodeIgniter\View\View->render('home', [], true)
 5 APPPATH\Controllers\Home.php(9): view('home')
 6 SYSTEMPATH\CodeIgniter.php(919): App\Controllers\Home->index()
 7 SYSTEMPATH\CodeIgniter.php(494): CodeIgniter\CodeIgniter->runController(Object(App\Controllers\Home))
 8 SYSTEMPATH\CodeIgniter.php(353): CodeIgniter\CodeIgniter->handleRequest(null, Object(Config\Cache), false)
 9 FCPATH\index.php(79): CodeIgniter\CodeIgniter->run()
CRITICAL - 2023-09-12 14:14:49 --> Undefined property: CodeIgniter\View\View::$response
in APPPATH\Views\home.php on line 212.
 1 APPPATH\Views\home.php(212): CodeIgniter\Debug\Exceptions->errorHandler(2, 'Undefined property: CodeIgniter\\View\\View::$response', 'C:\\xampp\\htdocs\\crudjuego\\app\\Views\\home.php', 212)
 2 SYSTEMPATH\View\View.php(226): include('C:\\xampp\\htdocs\\crudjuego\\app\\Views\\home.php')
 3 SYSTEMPATH\View\View.php(229): CodeIgniter\View\View->CodeIgniter\View\{closure}()
 4 SYSTEMPATH\Common.php(1188): CodeIgniter\View\View->render('home', [], true)
 5 APPPATH\Controllers\Home.php(9): view('home')
 6 SYSTEMPATH\CodeIgniter.php(919): App\Controllers\Home->index()
 7 SYSTEMPATH\CodeIgniter.php(494): CodeIgniter\CodeIgniter->runController(Object(App\Controllers\Home))
 8 SYSTEMPATH\CodeIgniter.php(353): CodeIgniter\CodeIgniter->handleRequest(null, Object(Config\Cache), false)
 9 FCPATH\index.php(79): CodeIgniter\CodeIgniter->run()
CRITICAL - 2023-09-12 14:14:52 --> Undefined property: CodeIgniter\View\View::$response
in APPPATH\Views\home.php on line 212.
 1 APPPATH\Views\home.php(212): CodeIgniter\Debug\Exceptions->errorHandler(2, 'Undefined property: CodeIgniter\\View\\View::$response', 'C:\\xampp\\htdocs\\crudjuego\\app\\Views\\home.php', 212)
 2 SYSTEMPATH\View\View.php(226): include('C:\\xampp\\htdocs\\crudjuego\\app\\Views\\home.php')
 3 SYSTEMPATH\View\View.php(229): CodeIgniter\View\View->CodeIgniter\View\{closure}()
 4 SYSTEMPATH\Common.php(1188): CodeIgniter\View\View->render('home', [], true)
 5 APPPATH\Controllers\Home.php(9): view('home')
 6 SYSTEMPATH\CodeIgniter.php(919): App\Controllers\Home->index()
 7 SYSTEMPATH\CodeIgniter.php(494): CodeIgniter\CodeIgniter->runController(Object(App\Controllers\Home))
 8 SYSTEMPATH\CodeIgniter.php(353): CodeIgniter\CodeIgniter->handleRequest(null, Object(Config\Cache), false)
 9 FCPATH\index.php(79): CodeIgniter\CodeIgniter->run()
CRITICAL - 2023-09-12 14:18:10 --> The route for "http://localhost/crudjuego/public/index.php/listar" cannot be found.
in SYSTEMPATH\HTTP\RedirectResponse.php on line 60.
 1 SYSTEMPATH\HTTP\RedirectResponse.php(60): CodeIgniter\HTTP\Exceptions\HTTPException::forInvalidRedirectRoute('http://localhost/crudjuego/public/index.php/listar')
 2 SYSTEMPATH\Common.php(878): CodeIgniter\HTTP\RedirectResponse->route(false)
 3 APPPATH\Views\home.php(212): redirect('http://localhost/crudjuego/public/index.php/listar')
 4 SYSTEMPATH\View\View.php(226): include('C:\\xampp\\htdocs\\crudjuego\\app\\Views\\home.php')
 5 SYSTEMPATH\View\View.php(229): CodeIgniter\View\View->CodeIgniter\View\{closure}()
 6 SYSTEMPATH\Common.php(1188): CodeIgniter\View\View->render('home', [], true)
 7 APPPATH\Controllers\Home.php(9): view('home')
 8 SYSTEMPATH\CodeIgniter.php(919): App\Controllers\Home->index()
 9 SYSTEMPATH\CodeIgniter.php(494): CodeIgniter\CodeIgniter->runController(Object(App\Controllers\Home))
10 SYSTEMPATH\CodeIgniter.php(353): CodeIgniter\CodeIgniter->handleRequest(null, Object(Config\Cache), false)
11 FCPATH\index.php(79): CodeIgniter\CodeIgniter->run()
CRITICAL - 2023-09-12 14:22:29 --> Call to undefined function URL()
in APPPATH\Views\home.php on line 212.
 1 SYSTEMPATH\View\View.php(226): include()
 2 SYSTEMPATH\View\View.php(229): CodeIgniter\View\View->CodeIgniter\View\{closure}()
 3 SYSTEMPATH\Common.php(1188): CodeIgniter\View\View->render('home', [], true)
 4 APPPATH\Controllers\Home.php(9): view('home')
 5 SYSTEMPATH\CodeIgniter.php(919): App\Controllers\Home->index()
 6 SYSTEMPATH\CodeIgniter.php(494): CodeIgniter\CodeIgniter->runController(Object(App\Controllers\Home))
 7 SYSTEMPATH\CodeIgniter.php(353): CodeIgniter\CodeIgniter->handleRequest(null, Object(Config\Cache), false)
 8 FCPATH\index.php(79): CodeIgniter\CodeIgniter->run()
CRITICAL - 2023-09-12 14:25:22 --> Invalid file: "/listar.php"
in SYSTEMPATH\Exceptions\FrameworkException.php on line 39.
 1 SYSTEMPATH\View\View.php(214): CodeIgniter\Exceptions\FrameworkException::forInvalidFile('/listar.php')
 2 SYSTEMPATH\Common.php(1188): CodeIgniter\View\View->render('/listar', [], true)
 3 APPPATH\Views\home.php(212): view('/listar')
 4 SYSTEMPATH\View\View.php(226): include('C:\\xampp\\htdocs\\crudjuego\\app\\Views\\home.php')
 5 SYSTEMPATH\View\View.php(229): CodeIgniter\View\View->CodeIgniter\View\{closure}()
 6 SYSTEMPATH\Common.php(1188): CodeIgniter\View\View->render('home', [], true)
 7 APPPATH\Controllers\Home.php(9): view('home')
 8 SYSTEMPATH\CodeIgniter.php(919): App\Controllers\Home->index()
 9 SYSTEMPATH\CodeIgniter.php(494): CodeIgniter\CodeIgniter->runController(Object(App\Controllers\Home))
10 SYSTEMPATH\CodeIgniter.php(353): CodeIgniter\CodeIgniter->handleRequest(null, Object(Config\Cache), false)
11 FCPATH\index.php(79): CodeIgniter\CodeIgniter->run()
CRITICAL - 2023-09-12 14:25:35 --> Invalid file: "/listar.php"
in SYSTEMPATH\Exceptions\FrameworkException.php on line 39.
 1 SYSTEMPATH\View\View.php(214): CodeIgniter\Exceptions\FrameworkException::forInvalidFile('/listar.php')
 2 SYSTEMPATH\Common.php(1188): CodeIgniter\View\View->render('/listar', [], true)
 3 APPPATH\Views\home.php(212): view('/listar')
 4 SYSTEMPATH\View\View.php(226): include('C:\\xampp\\htdocs\\crudjuego\\app\\Views\\home.php')
 5 SYSTEMPATH\View\View.php(229): CodeIgniter\View\View->CodeIgniter\View\{closure}()
 6 SYSTEMPATH\Common.php(1188): CodeIgniter\View\View->render('home', [], true)
 7 APPPATH\Controllers\Home.php(9): view('home')
 8 SYSTEMPATH\CodeIgniter.php(919): App\Controllers\Home->index()
 9 SYSTEMPATH\CodeIgniter.php(494): CodeIgniter\CodeIgniter->runController(Object(App\Controllers\Home))
10 SYSTEMPATH\CodeIgniter.php(353): CodeIgniter\CodeIgniter->handleRequest(null, Object(Config\Cache), false)
11 FCPATH\index.php(79): CodeIgniter\CodeIgniter->run()
CRITICAL - 2023-09-12 14:25:36 --> Invalid file: "/listar.php"
in SYSTEMPATH\Exceptions\FrameworkException.php on line 39.
 1 SYSTEMPATH\View\View.php(214): CodeIgniter\Exceptions\FrameworkException::forInvalidFile('/listar.php')
 2 SYSTEMPATH\Common.php(1188): CodeIgniter\View\View->render('/listar', [], true)
 3 APPPATH\Views\home.php(212): view('/listar')
 4 SYSTEMPATH\View\View.php(226): include('C:\\xampp\\htdocs\\crudjuego\\app\\Views\\home.php')
 5 SYSTEMPATH\View\View.php(229): CodeIgniter\View\View->CodeIgniter\View\{closure}()
 6 SYSTEMPATH\Common.php(1188): CodeIgniter\View\View->render('home', [], true)
 7 APPPATH\Controllers\Home.php(9): view('home')
 8 SYSTEMPATH\CodeIgniter.php(919): App\Controllers\Home->index()
 9 SYSTEMPATH\CodeIgniter.php(494): CodeIgniter\CodeIgniter->runController(Object(App\Controllers\Home))
10 SYSTEMPATH\CodeIgniter.php(353): CodeIgniter\CodeIgniter->handleRequest(null, Object(Config\Cache), false)
11 FCPATH\index.php(79): CodeIgniter\CodeIgniter->run()
CRITICAL - 2023-09-12 14:26:43 --> Invalid file: "/listar.php"
in SYSTEMPATH\Exceptions\FrameworkException.php on line 39.
 1 SYSTEMPATH\View\View.php(214): CodeIgniter\Exceptions\FrameworkException::forInvalidFile('/listar.php')
 2 SYSTEMPATH\Common.php(1188): CodeIgniter\View\View->render('/listar', [], true)
 3 APPPATH\Views\home.php(212): view('/listar')
 4 SYSTEMPATH\View\View.php(226): include('C:\\xampp\\htdocs\\crudjuego\\app\\Views\\home.php')
 5 SYSTEMPATH\View\View.php(229): CodeIgniter\View\View->CodeIgniter\View\{closure}()
 6 SYSTEMPATH\Common.php(1188): CodeIgniter\View\View->render('home', [], true)
 7 APPPATH\Controllers\Home.php(9): view('home')
 8 SYSTEMPATH\CodeIgniter.php(919): App\Controllers\Home->index()
 9 SYSTEMPATH\CodeIgniter.php(494): CodeIgniter\CodeIgniter->runController(Object(App\Controllers\Home))
10 SYSTEMPATH\CodeIgniter.php(353): CodeIgniter\CodeIgniter->handleRequest(null, Object(Config\Cache), false)
11 FCPATH\index.php(79): CodeIgniter\CodeIgniter->run()
CRITICAL - 2023-09-12 14:26:44 --> Invalid file: "/listar.php"
in SYSTEMPATH\Exceptions\FrameworkException.php on line 39.
 1 SYSTEMPATH\View\View.php(214): CodeIgniter\Exceptions\FrameworkException::forInvalidFile('/listar.php')
 2 SYSTEMPATH\Common.php(1188): CodeIgniter\View\View->render('/listar', [], true)
 3 APPPATH\Views\home.php(212): view('/listar')
 4 SYSTEMPATH\View\View.php(226): include('C:\\xampp\\htdocs\\crudjuego\\app\\Views\\home.php')
 5 SYSTEMPATH\View\View.php(229): CodeIgniter\View\View->CodeIgniter\View\{closure}()
 6 SYSTEMPATH\Common.php(1188): CodeIgniter\View\View->render('home', [], true)
 7 APPPATH\Controllers\Home.php(9): view('home')
 8 SYSTEMPATH\CodeIgniter.php(919): App\Controllers\Home->index()
 9 SYSTEMPATH\CodeIgniter.php(494): CodeIgniter\CodeIgniter->runController(Object(App\Controllers\Home))
10 SYSTEMPATH\CodeIgniter.php(353): CodeIgniter\CodeIgniter->handleRequest(null, Object(Config\Cache), false)
11 FCPATH\index.php(79): CodeIgniter\CodeIgniter->run()
CRITICAL - 2023-09-12 14:26:46 --> Invalid file: "/listar.php"
in SYSTEMPATH\Exceptions\FrameworkException.php on line 39.
 1 SYSTEMPATH\View\View.php(214): CodeIgniter\Exceptions\FrameworkException::forInvalidFile('/listar.php')
 2 SYSTEMPATH\Common.php(1188): CodeIgniter\View\View->render('/listar', [], true)
 3 APPPATH\Views\home.php(212): view('/listar')
 4 SYSTEMPATH\View\View.php(226): include('C:\\xampp\\htdocs\\crudjuego\\app\\Views\\home.php')
 5 SYSTEMPATH\View\View.php(229): CodeIgniter\View\View->CodeIgniter\View\{closure}()
 6 SYSTEMPATH\Common.php(1188): CodeIgniter\View\View->render('home', [], true)
 7 APPPATH\Controllers\Home.php(9): view('home')
 8 SYSTEMPATH\CodeIgniter.php(919): App\Controllers\Home->index()
 9 SYSTEMPATH\CodeIgniter.php(494): CodeIgniter\CodeIgniter->runController(Object(App\Controllers\Home))
10 SYSTEMPATH\CodeIgniter.php(353): CodeIgniter\CodeIgniter->handleRequest(null, Object(Config\Cache), false)
11 FCPATH\index.php(79): CodeIgniter\CodeIgniter->run()
CRITICAL - 2023-09-12 15:55:48 --> Undefined variable $cabecera
in APPPATH\Views\login.php on line 3.
 1 APPPATH\Views\login.php(3): CodeIgniter\Debug\Exceptions->errorHandler(2, 'Undefined variable $cabecera', 'C:\\xampp\\htdocs\\crudjuego\\app\\Views\\login.php', 3)
 2 SYSTEMPATH\View\View.php(226): include('C:\\xampp\\htdocs\\crudjuego\\app\\Views\\login.php')
 3 SYSTEMPATH\View\View.php(229): CodeIgniter\View\View->CodeIgniter\View\{closure}()
 4 SYSTEMPATH\Common.php(1188): CodeIgniter\View\View->render('login', [], true)
 5 APPPATH\Controllers\Home.php(14): view('login')
 6 SYSTEMPATH\CodeIgniter.php(919): App\Controllers\Home->login()
 7 SYSTEMPATH\CodeIgniter.php(494): CodeIgniter\CodeIgniter->runController(Object(App\Controllers\Home))
 8 SYSTEMPATH\CodeIgniter.php(353): CodeIgniter\CodeIgniter->handleRequest(null, Object(Config\Cache), false)
 9 FCPATH\index.php(79): CodeIgniter\CodeIgniter->run()
CRITICAL - 2023-09-12 15:56:09 --> Undefined variable $cabecera
in APPPATH\Views\login.php on line 3.
 1 APPPATH\Views\login.php(3): CodeIgniter\Debug\Exceptions->errorHandler(2, 'Undefined variable $cabecera', 'C:\\xampp\\htdocs\\crudjuego\\app\\Views\\login.php', 3)
 2 SYSTEMPATH\View\View.php(226): include('C:\\xampp\\htdocs\\crudjuego\\app\\Views\\login.php')
 3 SYSTEMPATH\View\View.php(229): CodeIgniter\View\View->CodeIgniter\View\{closure}()
 4 SYSTEMPATH\Common.php(1188): CodeIgniter\View\View->render('login', [], true)
 5 APPPATH\Controllers\Home.php(14): view('login')
 6 SYSTEMPATH\CodeIgniter.php(919): App\Controllers\Home->login()
 7 SYSTEMPATH\CodeIgniter.php(494): CodeIgniter\CodeIgniter->runController(Object(App\Controllers\Home))
 8 SYSTEMPATH\CodeIgniter.php(353): CodeIgniter\CodeIgniter->handleRequest(null, Object(Config\Cache), false)
 9 FCPATH\index.php(79): CodeIgniter\CodeIgniter->run()
CRITICAL - 2023-09-12 15:58:14 --> Cannot redeclare App\Controllers\Jugadores::borrar()
in APPPATH\Controllers\Jugadores.php on line 139.
 1 [internal function]: CodeIgniter\Debug\Exceptions->shutdownHandler()
CRITICAL - 2023-09-12 15:58:17 --> Cannot redeclare App\Controllers\Jugadores::borrar()
in APPPATH\Controllers\Jugadores.php on line 139.
 1 [internal function]: CodeIgniter\Debug\Exceptions->shutdownHandler()
CRITICAL - 2023-09-12 15:58:33 --> Cannot redeclare App\Controllers\Jugadores::borrar()
in APPPATH\Controllers\Jugadores.php on line 139.
 1 [internal function]: CodeIgniter\Debug\Exceptions->shutdownHandler()
CRITICAL - 2023-09-12 15:59:57 --> Cannot redeclare App\Controllers\Jugadores::borrar()
in APPPATH\Controllers\Jugadores.php on line 139.
 1 [internal function]: CodeIgniter\Debug\Exceptions->shutdownHandler()
CRITICAL - 2023-09-12 16:00:26 --> Undefined variable $cabecera
in APPPATH\Views\login.php on line 3.
 1 APPPATH\Views\login.php(3): CodeIgniter\Debug\Exceptions->errorHandler(2, 'Undefined variable $cabecera', 'C:\\xampp\\htdocs\\crudjuego\\app\\Views\\login.php', 3)
 2 SYSTEMPATH\View\View.php(226): include('C:\\xampp\\htdocs\\crudjuego\\app\\Views\\login.php')
 3 SYSTEMPATH\View\View.php(229): CodeIgniter\View\View->CodeIgniter\View\{closure}()
 4 SYSTEMPATH\Common.php(1188): CodeIgniter\View\View->render('login', [], true)
 5 APPPATH\Controllers\Home.php(14): view('login')
 6 SYSTEMPATH\CodeIgniter.php(919): App\Controllers\Home->login()
 7 SYSTEMPATH\CodeIgniter.php(494): CodeIgniter\CodeIgniter->runController(Object(App\Controllers\Home))
 8 SYSTEMPATH\CodeIgniter.php(353): CodeIgniter\CodeIgniter->handleRequest(null, Object(Config\Cache), false)
 9 FCPATH\index.php(79): CodeIgniter\CodeIgniter->run()
CRITICAL - 2023-09-12 16:00:53 --> Cannot redeclare App\Controllers\Jugadores::borrar()
in APPPATH\Controllers\Jugadores.php on line 139.
 1 [internal function]: CodeIgniter\Debug\Exceptions->shutdownHandler()
CRITICAL - 2023-09-12 16:00:55 --> Cannot redeclare App\Controllers\Jugadores::borrar()
in APPPATH\Controllers\Jugadores.php on line 139.
 1 [internal function]: CodeIgniter\Debug\Exceptions->shutdownHandler()
CRITICAL - 2023-09-12 16:00:58 --> Cannot redeclare App\Controllers\Jugadores::borrar()
in APPPATH\Controllers\Jugadores.php on line 139.
 1 [internal function]: CodeIgniter\Debug\Exceptions->shutdownHandler()
CRITICAL - 2023-09-12 16:04:40 --> Cannot redeclare App\Controllers\Jugadores::borrar()
in APPPATH\Controllers\Jugadores.php on line 139.
 1 [internal function]: CodeIgniter\Debug\Exceptions->shutdownHandler()
CRITICAL - 2023-09-12 16:09:19 --> Undefined variable $cabecera
in APPPATH\Views\login.php on line 3.
 1 APPPATH\Views\login.php(3): CodeIgniter\Debug\Exceptions->errorHandler(2, 'Undefined variable $cabecera', 'C:\\xampp\\htdocs\\crudjuego\\app\\Views\\login.php', 3)
 2 SYSTEMPATH\View\View.php(226): include('C:\\xampp\\htdocs\\crudjuego\\app\\Views\\login.php')
 3 SYSTEMPATH\View\View.php(229): CodeIgniter\View\View->CodeIgniter\View\{closure}()
 4 SYSTEMPATH\Common.php(1188): CodeIgniter\View\View->render('login', [], true)
 5 APPPATH\Controllers\Home.php(14): view('login')
 6 SYSTEMPATH\CodeIgniter.php(919): App\Controllers\Home->login()
 7 SYSTEMPATH\CodeIgniter.php(494): CodeIgniter\CodeIgniter->runController(Object(App\Controllers\Home))
 8 SYSTEMPATH\CodeIgniter.php(353): CodeIgniter\CodeIgniter->handleRequest(null, Object(Config\Cache), false)
 9 FCPATH\index.php(79): CodeIgniter\CodeIgniter->run()
CRITICAL - 2023-09-12 16:09:32 --> Undefined variable $cabecera
in APPPATH\Views\login.php on line 3.
 1 APPPATH\Views\login.php(3): CodeIgniter\Debug\Exceptions->errorHandler(2, 'Undefined variable $cabecera', 'C:\\xampp\\htdocs\\crudjuego\\app\\Views\\login.php', 3)
 2 SYSTEMPATH\View\View.php(226): include('C:\\xampp\\htdocs\\crudjuego\\app\\Views\\login.php')
 3 SYSTEMPATH\View\View.php(229): CodeIgniter\View\View->CodeIgniter\View\{closure}()
 4 SYSTEMPATH\Common.php(1188): CodeIgniter\View\View->render('login', [], true)
 5 APPPATH\Controllers\Home.php(14): view('login')
 6 SYSTEMPATH\CodeIgniter.php(919): App\Controllers\Home->login()
 7 SYSTEMPATH\CodeIgniter.php(494): CodeIgniter\CodeIgniter->runController(Object(App\Controllers\Home))
 8 SYSTEMPATH\CodeIgniter.php(353): CodeIgniter\CodeIgniter->handleRequest(null, Object(Config\Cache), false)
 9 FCPATH\index.php(79): CodeIgniter\CodeIgniter->run()
CRITICAL - 2023-09-12 16:14:52 --> Undefined variable $cabecera
in APPPATH\Views\home.php on line 2.
 1 APPPATH\Views\home.php(2): CodeIgniter\Debug\Exceptions->errorHandler(2, 'Undefined variable $cabecera', 'C:\\xampp\\htdocs\\crudjuego\\app\\Views\\home.php', 2)
 2 SYSTEMPATH\View\View.php(226): include('C:\\xampp\\htdocs\\crudjuego\\app\\Views\\home.php')
 3 SYSTEMPATH\View\View.php(229): CodeIgniter\View\View->CodeIgniter\View\{closure}()
 4 SYSTEMPATH\Common.php(1188): CodeIgniter\View\View->render('home', [], true)
 5 APPPATH\Controllers\Home.php(9): view('home')
 6 SYSTEMPATH\CodeIgniter.php(919): App\Controllers\Home->index()
 7 SYSTEMPATH\CodeIgniter.php(494): CodeIgniter\CodeIgniter->runController(Object(App\Controllers\Home))
 8 SYSTEMPATH\CodeIgniter.php(353): CodeIgniter\CodeIgniter->handleRequest(null, Object(Config\Cache), false)
 9 FCPATH\index.php(79): CodeIgniter\CodeIgniter->run()
CRITICAL - 2023-09-12 21:16:38 --> Undefined array key "idjugadores"
in APPPATH\Views\jugadores\listar.php on line 72.
 1 APPPATH\Views\jugadores\listar.php(72): CodeIgniter\Debug\Exceptions->errorHandler(2, 'Undefined array key "idjugadores"', 'C:\\xampp\\htdocs\\crudjuego\\app\\Views\\jugadores\\listar.php', 72)
 2 SYSTEMPATH\View\View.php(226): include('C:\\xampp\\htdocs\\crudjuego\\app\\Views\\jugadores\\listar.php')
 3 SYSTEMPATH\View\View.php(229): CodeIgniter\View\View->CodeIgniter\View\{closure}()
 4 SYSTEMPATH\Common.php(1188): CodeIgniter\View\View->render('jugadores/listar', [], true)
 5 APPPATH\Controllers\Jugadores.php(134): view('jugadores/listar', [...])
 6 SYSTEMPATH\CodeIgniter.php(919): App\Controllers\Jugadores->listar()
 7 SYSTEMPATH\CodeIgniter.php(494): CodeIgniter\CodeIgniter->runController(Object(App\Controllers\Jugadores))
 8 SYSTEMPATH\CodeIgniter.php(353): CodeIgniter\CodeIgniter->handleRequest(null, Object(Config\Cache), false)
 9 FCPATH\index.php(79): CodeIgniter\CodeIgniter->run()
CRITICAL - 2023-09-12 21:18:00 --> Undefined array key "idjugadores"
in APPPATH\Views\jugadores\listar.php on line 72.
 1 APPPATH\Views\jugadores\listar.php(72): CodeIgniter\Debug\Exceptions->errorHandler(2, 'Undefined array key "idjugadores"', 'C:\\xampp\\htdocs\\crudjuego\\app\\Views\\jugadores\\listar.php', 72)
 2 SYSTEMPATH\View\View.php(226): include('C:\\xampp\\htdocs\\crudjuego\\app\\Views\\jugadores\\listar.php')
 3 SYSTEMPATH\View\View.php(229): CodeIgniter\View\View->CodeIgniter\View\{closure}()
 4 SYSTEMPATH\Common.php(1188): CodeIgniter\View\View->render('jugadores/listar', [], true)
 5 APPPATH\Controllers\Jugadores.php(134): view('jugadores/listar', [...])
 6 SYSTEMPATH\CodeIgniter.php(919): App\Controllers\Jugadores->listar()
 7 SYSTEMPATH\CodeIgniter.php(494): CodeIgniter\CodeIgniter->runController(Object(App\Controllers\Jugadores))
 8 SYSTEMPATH\CodeIgniter.php(353): CodeIgniter\CodeIgniter->handleRequest(null, Object(Config\Cache), false)
 9 FCPATH\index.php(79): CodeIgniter\CodeIgniter->run()
CRITICAL - 2023-09-12 21:18:01 --> Undefined array key "idjugadores"
in APPPATH\Views\jugadores\listar.php on line 72.
 1 APPPATH\Views\jugadores\listar.php(72): CodeIgniter\Debug\Exceptions->errorHandler(2, 'Undefined array key "idjugadores"', 'C:\\xampp\\htdocs\\crudjuego\\app\\Views\\jugadores\\listar.php', 72)
 2 SYSTEMPATH\View\View.php(226): include('C:\\xampp\\htdocs\\crudjuego\\app\\Views\\jugadores\\listar.php')
 3 SYSTEMPATH\View\View.php(229): CodeIgniter\View\View->CodeIgniter\View\{closure}()
 4 SYSTEMPATH\Common.php(1188): CodeIgniter\View\View->render('jugadores/listar', [], true)
 5 APPPATH\Controllers\Jugadores.php(134): view('jugadores/listar', [...])
 6 SYSTEMPATH\CodeIgniter.php(919): App\Controllers\Jugadores->listar()
 7 SYSTEMPATH\CodeIgniter.php(494): CodeIgniter\CodeIgniter->runController(Object(App\Controllers\Jugadores))
 8 SYSTEMPATH\CodeIgniter.php(353): CodeIgniter\CodeIgniter->handleRequest(null, Object(Config\Cache), false)
 9 FCPATH\index.php(79): CodeIgniter\CodeIgniter->run()
CRITICAL - 2023-09-12 21:18:01 --> Undefined array key "idjugadores"
in APPPATH\Views\jugadores\listar.php on line 72.
 1 APPPATH\Views\jugadores\listar.php(72): CodeIgniter\Debug\Exceptions->errorHandler(2, 'Undefined array key "idjugadores"', 'C:\\xampp\\htdocs\\crudjuego\\app\\Views\\jugadores\\listar.php', 72)
 2 SYSTEMPATH\View\View.php(226): include('C:\\xampp\\htdocs\\crudjuego\\app\\Views\\jugadores\\listar.php')
 3 SYSTEMPATH\View\View.php(229): CodeIgniter\View\View->CodeIgniter\View\{closure}()
 4 SYSTEMPATH\Common.php(1188): CodeIgniter\View\View->render('jugadores/listar', [], true)
 5 APPPATH\Controllers\Jugadores.php(134): view('jugadores/listar', [...])
 6 SYSTEMPATH\CodeIgniter.php(919): App\Controllers\Jugadores->listar()
 7 SYSTEMPATH\CodeIgniter.php(494): CodeIgniter\CodeIgniter->runController(Object(App\Controllers\Jugadores))
 8 SYSTEMPATH\CodeIgniter.php(353): CodeIgniter\CodeIgniter->handleRequest(null, Object(Config\Cache), false)
 9 FCPATH\index.php(79): CodeIgniter\CodeIgniter->run()
CRITICAL - 2023-09-12 21:53:24 --> Call to undefined method App\Controllers\Jugadores::loadModel()
in APPPATH\Controllers\Jugadores.php on line 19.
 1 SYSTEMPATH\CodeIgniter.php(891): App\Controllers\Jugadores->__construct()
 2 SYSTEMPATH\CodeIgniter.php(485): CodeIgniter\CodeIgniter->createController()
 3 SYSTEMPATH\CodeIgniter.php(353): CodeIgniter\CodeIgniter->handleRequest(null, Object(Config\Cache), false)
 4 FCPATH\index.php(79): CodeIgniter\CodeIgniter->run()
CRITICAL - 2023-09-12 21:53:48 --> Call to undefined method App\Controllers\Jugadores::loadModel()
in APPPATH\Controllers\Jugadores.php on line 19.
 1 SYSTEMPATH\CodeIgniter.php(891): App\Controllers\Jugadores->__construct()
 2 SYSTEMPATH\CodeIgniter.php(485): CodeIgniter\CodeIgniter->createController()
 3 SYSTEMPATH\CodeIgniter.php(353): CodeIgniter\CodeIgniter->handleRequest(null, Object(Config\Cache), false)
 4 FCPATH\index.php(79): CodeIgniter\CodeIgniter->run()
CRITICAL - 2023-09-12 21:53:49 --> Call to undefined method App\Controllers\Jugadores::loadModel()
in APPPATH\Controllers\Jugadores.php on line 19.
 1 SYSTEMPATH\CodeIgniter.php(891): App\Controllers\Jugadores->__construct()
 2 SYSTEMPATH\CodeIgniter.php(485): CodeIgniter\CodeIgniter->createController()
 3 SYSTEMPATH\CodeIgniter.php(353): CodeIgniter\CodeIgniter->handleRequest(null, Object(Config\Cache), false)
 4 FCPATH\index.php(79): CodeIgniter\CodeIgniter->run()
CRITICAL - 2023-09-12 21:58:56 --> syntax error, unexpected token "(", expecting identifier or variable or "{" or "$"
in APPPATH\Controllers\Jugadores.php on line 19.
 1 SYSTEMPATH\Autoloader\Autoloader.php(285): CodeIgniter\Autoloader\Autoloader->includeFile('C:\\xampp\\htdocs\\crudjuego\\app\\Controllers\\Jugadores.php')
 2 SYSTEMPATH\Autoloader\Autoloader.php(263): CodeIgniter\Autoloader\Autoloader->loadInNamespace('App\\Controllers\\Jugadores')
 3 [internal function]: CodeIgniter\Autoloader\Autoloader->loadClass('App\\Controllers\\Jugadores')
 4 SYSTEMPATH\CodeIgniter.php(877): class_exists('\\App\\Controllers\\Jugadores', true)
 5 SYSTEMPATH\CodeIgniter.php(481): CodeIgniter\CodeIgniter->startController()
 6 SYSTEMPATH\CodeIgniter.php(353): CodeIgniter\CodeIgniter->handleRequest(null, Object(Config\Cache), false)
 7 FCPATH\index.php(79): CodeIgniter\CodeIgniter->run()
CRITICAL - 2023-09-12 21:58:57 --> syntax error, unexpected token "(", expecting identifier or variable or "{" or "$"
in APPPATH\Controllers\Jugadores.php on line 19.
 1 SYSTEMPATH\Autoloader\Autoloader.php(285): CodeIgniter\Autoloader\Autoloader->includeFile('C:\\xampp\\htdocs\\crudjuego\\app\\Controllers\\Jugadores.php')
 2 SYSTEMPATH\Autoloader\Autoloader.php(263): CodeIgniter\Autoloader\Autoloader->loadInNamespace('App\\Controllers\\Jugadores')
 3 [internal function]: CodeIgniter\Autoloader\Autoloader->loadClass('App\\Controllers\\Jugadores')
 4 SYSTEMPATH\CodeIgniter.php(877): class_exists('\\App\\Controllers\\Jugadores', true)
 5 SYSTEMPATH\CodeIgniter.php(481): CodeIgniter\CodeIgniter->startController()
 6 SYSTEMPATH\CodeIgniter.php(353): CodeIgniter\CodeIgniter->handleRequest(null, Object(Config\Cache), false)
 7 FCPATH\index.php(79): CodeIgniter\CodeIgniter->run()
